\BOOKMARK [1][-]{section.1}{Abstract}{}% 1
\BOOKMARK [1][-]{section.2}{Project Overview}{}% 2
\BOOKMARK [2][-]{subsection.2.1}{Team Introduction}{section.2}% 3
\BOOKMARK [2][-]{subsection.2.2}{Game Concept}{section.2}% 4
\BOOKMARK [2][-]{subsection.2.3}{ Tools used \(Go in further detail in the technical content section\)}{section.2}% 5
\BOOKMARK [3][-]{subsubsection.2.3.1}{ Unity Game Engine}{subsection.2.3}% 6
\BOOKMARK [3][-]{subsubsection.2.3.2}{ Unity Cluster Renderer}{subsection.2.3}% 7
\BOOKMARK [3][-]{subsubsection.2.3.3}{ Intel Next Unit of Computing \(NUC\)}{subsection.2.3}% 8
\BOOKMARK [3][-]{subsubsection.2.3.4}{ Planetarium Facilities}{subsection.2.3}% 9
\BOOKMARK [3][-]{subsubsection.2.3.5}{ Music Composers}{subsection.2.3}% 10
\BOOKMARK [3][-]{subsubsection.2.3.6}{Git}{subsection.2.3}% 11
\BOOKMARK [1][-]{section.3}{Novelty Component}{}% 12
\BOOKMARK [1][-]{section.4}{Software Manual}{}% 13
\BOOKMARK [2][-]{subsection.4.1}{Running the Game}{section.4}% 14
\BOOKMARK [2][-]{subsection.4.2}{Adding New Game Functionality}{section.4}% 15
\BOOKMARK [2][-]{subsection.4.3}{Software Maintenance During Development}{section.4}% 16
\BOOKMARK [1][-]{section.5}{Technical Content \(10 pages max\)}{}% 17
\BOOKMARK [2][-]{subsection.5.1}{Networking challenges}{section.5}% 18
\BOOKMARK [2][-]{subsection.5.2}{SCREEN VIEW}{section.5}% 19
\BOOKMARK [2][-]{subsection.5.3}{Planetarium Challenges}{section.5}% 20
\BOOKMARK [2][-]{subsection.5.4}{GamePlay design challenges}{section.5}% 21
\BOOKMARK [2][-]{subsection.5.5}{Graphics and interface}{section.5}% 22
\BOOKMARK [1][-]{section.6}{Tools used}{}% 23
\BOOKMARK [2][-]{subsection.6.1}{Unity Game Engine}{section.6}% 24
\BOOKMARK [2][-]{subsection.6.2}{Unity Cluster Renderer}{section.6}% 25
\BOOKMARK [2][-]{subsection.6.3}{Intel Next Unit of Computing \(NUC\) }{section.6}% 26
\BOOKMARK [1][-]{section.7}{Music Composers}{}% 27
\BOOKMARK [1][-]{section.8}{Project Planning}{}% 28
\BOOKMARK [2][-]{subsection.8.1}{Initial Goal Planned}{section.8}% 29
\BOOKMARK [2][-]{subsection.8.2}{ In the beginning, there was nothing }{section.8}% 30
\BOOKMARK [2][-]{subsection.8.3}{Initial Implementation}{section.8}% 31
\BOOKMARK [2][-]{subsection.8.4}{Networking and Players}{section.8}% 32
\BOOKMARK [2][-]{subsection.8.5}{Planetarium and Testing}{section.8}% 33
\BOOKMARK [2][-]{subsection.8.6}{Gameplay Revisions}{section.8}% 34
\BOOKMARK [1][-]{section.9}{Team Process \(max 4 Pages\)}{}% 35
\BOOKMARK [2][-]{subsection.9.1}{Team Members and Roles}{section.9}% 36
\BOOKMARK [2][-]{subsection.9.2}{The Good Moments}{section.9}% 37
\BOOKMARK [2][-]{subsection.9.3}{The Improveable Moments}{section.9}% 38
\BOOKMARK [2][-]{subsection.9.4}{Knowledge Gained Through Collaborative Teamwork}{section.9}% 39
\BOOKMARK [2][-]{subsection.9.5}{Given A Second Chance We Would Change ...}{section.9}% 40
\BOOKMARK [2][-]{subsection.9.6}{Methods Employed To Assist Collaborative Development}{section.9}% 41
\BOOKMARK [2][-]{subsection.9.7}{Contributions \(1 Page per Member\)}{section.9}% 42
